"CH4FLASK","Monthly Station Methane Concentrations - Flask Measurements ","GRNHOUSE"
"CO2FLASK","Monthly Station CO2 concentrations - Flask Measurements     ","GRNHOUSE"
"CO2MONIT","Monthly Station CO2 Concentration - Continuous Monitoring   ","GRNHOUSE"
"CO2_HIST","Monthly Historical CO2 Concentration, Ice Cores from Vostok ","GRNHOUSE"
"SAGE1ASL","AEM-2 SAGEI Aerosol Profiles                                ","AER_SAGE"
"SAGE1NO2","AEM-2 SAGEI Nitrogen Dioxide Profiles                       ","NO2_SAGE"
"SAGE1OZO","AEM-2 SAGEI Ozone Profiles                                  ","OZN_SAGE"
"SG2ASL85","ERBS SAGEII Aerosol Profiles for 1985                       ","AER_SAGE"
"SG2ASL86","ERBS SAGEII Aerosol Profiles for 1986                       ","AER_SAGE"
"SG2ASL87","ERBS SAGEII Aerosol Profiles for 1987                       ","AER_SAGE"
"SG2ASL88","ERBS SAGEII Aerosol Profiles for 1988                       ","AER_SAGE"
"SG2ASL89","ERBS SAGEII Aerosol Profiles for 1989                       ","AER_SAGE"
"SG2ASL90","ERBS SAGEII Aerosol Profiles for 1990                       ","AER_SAGE"
"SG2H2O86","ERBS SAGEII Water Vapor Profiles for 1986                   ","H2O_SAGE"
"SG2H2O87","ERBS SAGEII Water Vapor Profiles for 1987                   ","H2O_SAGE"
"SG2H2O88","ERBS SAGEII Water Vapor Profiles for 1988                   ","H2O_SAGE"
"SG2NO285","ERBS SAGEII Nitrogen Dioxide Profiles for 1985              ","NO2_SAGE"
"SG2NO286","ERBS SAGEII Nitrogen Dioxide Profiles for 1986              ","NO2_SAGE"
"SG2NO287","ERBS SAGEII Nitrogen Dioxide Profiles for 1987              ","NO2_SAGE"
"SG2NO288","ERBS SAGEII Nitrogen Dioxide Profiles for 1988              ","NO2_SAGE"
"SG2NO289","ERBS SAGEII Nitrogen Dioxide Profiles for 1989              ","NO2_SAGE"
"SG2OZO85","ERBS SAGEII Ozone Profiles for 1985                         ","OZN_SAGE "
"SG2OZO86","ERBS SAGEII Ozone Profiles for 1986                         ","OZN_SAGE "
"SG2OZO87","ERBS SAGEII Ozone Profiles for 1987                         ","OZN_SAGE "
"SG2OZO88","ERBS SAGEII Ozone Profiles for 1988                         ","OZN_SAGE "
"SG2OZO89","ERBS SAGEII Ozone Profiles for 1989                         ","OZN_SAGE "
