--14:44:31--  http://badc.nerc.ac.uk/data/faam/campaigns.html HTTP request sent, awaiting response... 200 OK
--14:44:31--  http://badc.nerc.ac.uk/robots.txt HTTP request sent, awaiting response... 200 OK
--14:44:31--  http://badc.nerc.ac.uk/styles/menu.new.css HTTP request sent, awaiting response... 200 OK
--14:44:31--  http://badc.nerc.ac.uk/graphics/tabs/spacer30.gif HTTP request sent, awaiting response... 200 OK
--14:44:31--  http://badc.nerc.ac.uk/graphics/tabs/tabs_white_under_lblue.gif HTTP request sent, awaiting response... 200 OK
--14:44:31--  http://badc.nerc.ac.uk/home/ HTTP request sent, awaiting response... 200 OK
--14:44:31--  http://badc.nerc.ac.uk/graphics/logos/badc-logo-onlb-30.gif HTTP request sent, awaiting response... 200 OK
--14:44:31--  http://badc.nerc.ac.uk/graphics/tabs/tabs_lblue_over_lblue.gif HTTP request sent, awaiting response... 200 OK
--14:44:31--  http://badc.nerc.ac.uk/mybadc HTTP request sent, awaiting response... 200 OK
--14:44:32--  http://badc.nerc.ac.uk/graphics/tabs/tabs_lblue_under_dblue.gif HTTP request sent, awaiting response... 200 OK
--14:44:32--  http://badc.nerc.ac.uk/data/ HTTP request sent, awaiting response... 200 OK
--14:44:32--  http://badc.nerc.ac.uk/graphics/tabs/tabs_dblue_over_lblue.gif HTTP request sent, awaiting response... 200 OK
--14:44:32--  http://badc.nerc.ac.uk/search/ HTTP request sent, awaiting response... 200 OK
--14:44:32--  http://badc.nerc.ac.uk/community/ HTTP request sent, awaiting response... 200 OK
--14:44:32--  http://badc.nerc.ac.uk/help/ HTTP request sent, awaiting response... 200 OK
--14:44:32--  http://badc.nerc.ac.uk/graphics/tabs/tabs_lblue_over_white.gif HTTP request sent, awaiting response... 200 OK
--14:44:32--  http://badc.nerc.ac.uk/graphics/tabs/topleft.jpg HTTP request sent, awaiting response... 200 OK
--14:44:32--  http://badc.nerc.ac.uk/data/rules.html HTTP request sent, awaiting response... 200 OK
--14:44:32--  http://badc.nerc.ac.uk/data/submit.html HTTP request sent, awaiting response... 200 OK
--14:44:32--  http://badc.nerc.ac.uk/data/dataset_index/ HTTP request sent, awaiting response... 200 OK
--14:44:32--  http://badc.nerc.ac.uk/graphics/tabs/topright.jpg HTTP request sent, awaiting response... 200 OK
--14:44:32--  http://badc.nerc.ac.uk/reg/user_register_info.html HTTP request sent, awaiting response... 200 OK
--14:44:32--  http://badc.nerc.ac.uk/data/itop/ HTTP request sent, awaiting response... 200 OK
--14:44:32--  http://badc.nerc.ac.uk/data/adriex/ HTTP request sent, awaiting response... 200 OK
--14:44:32--  http://badc.nerc.ac.uk/data/eaquate/ HTTP request sent, awaiting response... 200 OK
--14:44:32--  http://badc.nerc.ac.uk/data/autex-wintex/ HTTP request sent, awaiting response... 200 OK
--14:44:32--  http://badc.nerc.ac.uk/data/nu-wave/ HTTP request sent, awaiting response... 200 OK
--14:44:32--  http://badc.nerc.ac.uk/data/covex/ HTTP request sent, awaiting response... 200 OK
--14:44:32--  http://badc.nerc.ac.uk/data/rico/ HTTP request sent, awaiting response... 200 OK
--14:44:32--  http://badc.nerc.ac.uk/data/utls-ozone/ HTTP request sent, awaiting response... 200 OK
--14:44:32--  http://badc.nerc.ac.uk/data/polluted-tropo/projects/ampep.html HTTP request sent, awaiting response... 200 OK
--14:44:32--  http://badc.nerc.ac.uk/data/polluted-tropo/projects/clopap.html HTTP request sent, awaiting response... 200 OK
--14:44:32--  http://badc.nerc.ac.uk/data/cwvc/ HTTP request sent, awaiting response... 200 OK
--14:44:32--  http://badc.nerc.ac.uk/data/icepic/ HTTP request sent, awaiting response... 200 OK
--14:44:32--  http://badc.nerc.ac.uk/data/fluxex/ HTTP request sent, awaiting response... 200 OK
--14:44:32--  http://badc.nerc.ac.uk/data/micromix/ HTTP request sent, awaiting response... 200 OK
--14:44:32--  http://badc.nerc.ac.uk/data/caesar/ HTTP request sent, awaiting response... 200 OK
--14:44:32--  http://badc.nerc.ac.uk/data/dabex/ HTTP request sent, awaiting response... 200 OK
--14:44:32--  http://badc.nerc.ac.uk/data/neon/ HTTP request sent, awaiting response... 200 OK
--14:44:32--  http://badc.nerc.ac.uk/data/solas/projects/dodo.html HTTP request sent, awaiting response... 200 OK
--14:44:32--  http://badc.nerc.ac.uk/data/t-rex/ HTTP request sent, awaiting response... 200 OK
--14:44:32--  http://badc.nerc.ac.uk/data/land-emiss/ HTTP request sent, awaiting response... 200 OK
--14:44:32--  http://badc.nerc.ac.uk/data/amma/ HTTP request sent, awaiting response... 200 OK
--14:44:32--  http://badc.nerc.ac.uk/data/gfdex/ HTTP request sent, awaiting response... 200 OK
--14:44:32--  http://badc.nerc.ac.uk/data/jaivex/ HTTP request sent, awaiting response... 200 OK
--14:44:32--  http://badc.nerc.ac.uk/data/faam/mo-projects.html HTTP request sent, awaiting response... 200 OK
--14:44:32--  http://badc.nerc.ac.uk/data/cops/ HTTP request sent, awaiting response... 200 OK
--14:44:32--  http://badc.nerc.ac.uk/data/appraise/ HTTP request sent, awaiting response... 200 OK
--14:44:32--  http://badc.nerc.ac.uk/data/op3/ HTTP request sent, awaiting response... 200 OK
--14:44:32--  http://badc.nerc.ac.uk/data/caviar/ HTTP request sent, awaiting response... 200 OK
--14:44:32--  http://badc.nerc.ac.uk/data/vocals/ HTTP request sent, awaiting response... 200 OK
--14:44:32--  http://badc.nerc.ac.uk/data/cosic/ HTTP request sent, awaiting response... 200 OK
--14:44:32--  http://badc.nerc.ac.uk/data/trompex/ HTTP request sent, awaiting response... 200 OK
--14:44:32--  http://badc.nerc.ac.uk/data/cims/ HTTP request sent, awaiting response... 200 OK
--14:44:33--  http://badc.nerc.ac.uk/data/t-nawdex/ HTTP request sent, awaiting response... 200 OK
--14:44:33--  http://badc.nerc.ac.uk/data/quefa/ HTTP request sent, awaiting response... 200 OK
--14:44:33--  http://badc.nerc.ac.uk/data/cap-2009/ HTTP request sent, awaiting response... 200 OK
--14:44:33--  http://badc.nerc.ac.uk/data/ronoco/ HTTP request sent, awaiting response... 200 OK
--14:44:33--  http://badc.nerc.ac.uk/data/thaw/ HTTP request sent, awaiting response... 200 OK
--14:44:33--  http://badc.nerc.ac.uk/graphics/tabs/bottomleft.jpg HTTP request sent, awaiting response... 200 OK
--14:44:33--  http://badc.nerc.ac.uk/ HTTP request sent, awaiting response... 301 Moved Permanently
Location: http://badc.nerc.ac.uk/home/index.html [following] --14:44:33--  http://badc.nerc.ac.uk/home/index.html
HTTP request sent, awaiting response... 200 OK --14:44:33--  http://badc.nerc.ac.uk/help/contact.html
HTTP request sent, awaiting response... 200 OK --14:44:33--  http://badc.nerc.ac.uk/conditions/badc_anon.html
HTTP request sent, awaiting response... 200 OK --14:44:33--  http://badc.nerc.ac.uk/graphics/tabs/bottomright.jpg
